[debug] [2023-08-15T16:16:38.774Z] ----------------------------------------------------------------------
[debug] [2023-08-15T16:16:38.777Z] Command:       C:\Program Files\nodejs\node.exe C:\Users\Admin\AppData\Roaming\npm\node_modules\firebase-tools\lib\bin\firebase.js init hosting
[debug] [2023-08-15T16:16:38.777Z] CLI Version:   12.3.1
[debug] [2023-08-15T16:16:38.778Z] Platform:      win32
[debug] [2023-08-15T16:16:38.778Z] Node Version:  v18.16.0
[debug] [2023-08-15T16:16:38.779Z] Time:          Tue Aug 15 2023 22:16:38 GMT+0600 (Bangladesh Standard Time)
[debug] [2023-08-15T16:16:38.780Z] ----------------------------------------------------------------------
[debug] 
[debug] [2023-08-15T16:16:38.896Z] > command requires scopes: ["email","openid","https://www.googleapis.com/auth/cloudplatformprojects.readonly","https://www.googleapis.com/auth/firebase","https://www.googleapis.com/auth/cloud-platform"]
[debug] [2023-08-15T16:16:38.897Z] > authorizing via signed-in user (titumirgccc@gmail.com)
[info] 
     ######## #### ########  ######## ########     ###     ######  ########
     ##        ##  ##     ## ##       ##     ##  ##   ##  ##       ##
     ######    ##  ########  ######   ########  #########  ######  ######
     ##        ##  ##    ##  ##       ##     ## ##     ##       ## ##
     ##       #### ##     ## ######## ########  ##     ##  ######  ########

You're about to initialize a Firebase project in this directory:

  D:\Projects\the-universal-news

Before we get started, keep in mind:

  * You are initializing within an existing Firebase project directory

[info] 
=== Project Setup
[info] 
[info] First, let's associate this project directory with a Firebase project.
[info] You can create multiple project aliases by running firebase use --add, 
[info] but for now we'll just set up a default project.
[info] 
[debug] [2023-08-15T16:16:56.014Z] Using project from CLI flag: the-universal-news-7e0ad
[debug] [2023-08-15T16:16:56.020Z] >>> [apiv2][query] GET https://firebase.googleapis.com/v1beta1/projects/the-universal-news-7e0ad [none]
[debug] [2023-08-15T16:16:58.170Z] <<< [apiv2][status] GET https://firebase.googleapis.com/v1beta1/projects/the-universal-news-7e0ad 200
[debug] [2023-08-15T16:16:58.171Z] <<< [apiv2][body] GET https://firebase.googleapis.com/v1beta1/projects/the-universal-news-7e0ad {"projectId":"the-universal-news-7e0ad","projectNumber":"62384130180","displayName":"the-universal-news","name":"projects/the-universal-news-7e0ad","resources":{"hostingSite":"the-universal-news-7e0ad"},"state":"ACTIVE","etag":"1_3d7a686a-981c-49d9-bdc0-da8192ac2494"}
[info] i  Using project the-universal-news-7e0ad (the-universal-news) 
[info] 
=== Hosting Setup
[info] 
[info] Your public directory is the folder (relative to your project directory) that
[info] will contain Hosting assets to be uploaded with firebase deploy. If you
[info] have a build process for your assets, use your build's output directory.
[info] 
